src/App.tsx(60,30): error TS6133: 'showConfirmation' is declared but its value is never read.
src/App.tsx(60,48): error TS6133: 'hideConfirmation' is declared but its value is never read.
src/components/layout/LayoutMain.tsx(1,8): error TS6133: 'React' is declared but its value is never read.
src/components/QueryProvider.tsx(22,47): error TS6133: 'mutation' is declared but its value is never read.
src/context/AuthContext.tsx(157,21): error TS2353: Object literal may only specify known properties, and 'last_seen_at' does not exist in type '{ age?: number | null | undefined; avatar_url?: string | null | undefined; email?: string | undefined; full_name?: string | undefined; id?: string | undefined; role?: string | null | undefined; }'.
src/features/picking/components/DoubleCheckHeader.tsx(1,8): error TS6133: 'React' is declared but its value is never read.
src/features/picking/components/DoubleCheckHeader.tsx(2,43): error TS6133: 'PickingItem' is declared but its value is never read.
src/features/picking/components/DoubleCheckHeader.tsx(18,50): error TS6133: 'loading' is declared but its value is never read.
src/features/picking/components/DoubleCheckHeader.tsx(21,11): error TS6133: 'isAdmin' is declared but its value is never read.
src/features/picking/components/PickingCartDrawer.tsx(117,55): error TS2345: Argument of type 'string | number' is not assignable to parameter of type 'string'.
  Type 'number' is not assignable to type 'string'.
src/features/picking/components/PickingCartDrawer.tsx(130,54): error TS2345: Argument of type 'string | number' is not assignable to parameter of type 'string'.
  Type 'number' is not assignable to type 'string'.
src/features/picking/components/PickingCartDrawer.tsx(162,42): error TS2345: Argument of type 'string | number' is not assignable to parameter of type 'string'.
  Type 'number' is not assignable to type 'string'.
src/features/picking/components/PickingCartDrawer.tsx(336,33): error TS2322: Type 'PickingItem[]' is not assignable to type 'CartItem[]'.
  Type 'PickingItem' is not assignable to type 'CartItem'.
    Types of property 'location' are incompatible.
      Type 'string | null' is not assignable to type 'string'.
        Type 'null' is not assignable to type 'string'.
src/features/picking/components/PickingCartDrawer.tsx(363,33): error TS2322: Type 'Note[] | undefined' is not assignable to type 'import("/Users/rafaellopez/Documents/Antigravity/Roman-app/src/features/picking/components/CorrectionNotesTimeline").Note[] | undefined'.
  Type 'Note[]' is not assignable to type 'import("/Users/rafaellopez/Documents/Antigravity/Roman-app/src/features/picking/components/CorrectionNotesTimeline").Note[]'.
    Type 'Note' is not assignable to type 'import("/Users/rafaellopez/Documents/Antigravity/Roman-app/src/features/picking/components/CorrectionNotesTimeline").Note'.
      Types of property 'user_display_name' are incompatible.
        Type 'string | undefined' is not assignable to type 'string'.
          Type 'undefined' is not assignable to type 'string'.
src/features/picking/components/SessionInitializationModal.tsx(1,8): error TS6133: 'React' is declared but its value is never read.
src/features/warehouse-management/components/IntegratedMapManager.tsx(59,37): error TS2322: Type 'OptimizationReport | null' is not assignable to type 'Report | null'.
  Type 'OptimizationReport' is not assignable to type 'Report'.
    Types of property 'id' are incompatible.
      Type 'number | undefined' is not assignable to type 'string'.
        Type 'undefined' is not assignable to type 'string'.
src/features/warehouse-management/components/LocationList.tsx(32,32): error TS2345: Argument of type 'string' is not assignable to parameter of type '"LUDLOW" | "ATS"'.
src/features/warehouse-management/components/WarehouseFilter.tsx(7,40): error TS2339: Property 'warehouses' does not exist on type '{}'.
src/features/warehouse-management/components/WarehouseFilter.tsx(7,52): error TS2339: Property 'selected' does not exist on type '{}'.
src/features/warehouse-management/components/WarehouseFilter.tsx(7,62): error TS2339: Property 'onChange' does not exist on type '{}'.
src/features/warehouse-management/components/WarehouseFilter.tsx(18,24): error TS7006: Parameter 'wh' implicitly has an 'any' type.
src/features/warehouse-management/components/ZoneManagementPanel.tsx(2,18): error TS6133: 'Info' is declared but its value is never read.
src/features/warehouse-management/components/ZoneManagementPanel.tsx(3,26): error TS2307: Cannot find module '../../context/ErrorContext' or its corresponding type declarations.
src/features/warehouse-management/components/ZoneManagementPanel.tsx(7,39): error TS7031: Binding element 'locations' implicitly has an 'any' type.
src/features/warehouse-management/components/ZoneManagementPanel.tsx(7,50): error TS7031: Binding element 'zones' implicitly has an 'any' type.
src/features/warehouse-management/components/ZoneManagementPanel.tsx(7,57): error TS7031: Binding element 'getZone' implicitly has an 'any' type.
src/features/warehouse-management/components/ZoneManagementPanel.tsx(7,66): error TS7031: Binding element 'updateZone' implicitly has an 'any' type.
src/features/warehouse-management/components/ZoneManagementPanel.tsx(7,78): error TS7031: Binding element 'autoAssignZones' implicitly has an 'any' type.
src/features/warehouse-management/components/ZoneManagementPanel.tsx(19,31): error TS7006: Parameter 'loc' implicitly has an 'any' type.
src/features/warehouse-management/components/ZoneManagementPanel.tsx(23,31): error TS7006: Parameter 'loc' implicitly has an 'any' type.
src/features/warehouse-management/components/ZoneManagementPanel.tsx(42,43): error TS18046: 'err' is of type 'unknown'.
src/features/warehouse-management/components/ZoneManagementPanel.tsx(102,35): error TS7006: Parameter 'locKey' implicitly has an 'any' type.
src/features/warehouse-management/components/ZoneManagementPanel.tsx(112,28): error TS7006: Parameter 'newZone' implicitly has an 'any' type.
src/features/warehouse-management/components/ZoneManagementPanel.tsx(128,24): error TS7031: Binding element 'warehouse' implicitly has an 'any' type.
src/features/warehouse-management/components/ZoneManagementPanel.tsx(128,35): error TS7031: Binding element 'location' implicitly has an 'any' type.
src/features/warehouse-management/components/ZoneManagementPanel.tsx(128,45): error TS7031: Binding element 'zone' implicitly has an 'any' type.
src/features/warehouse-management/components/ZoneManagementPanel.tsx(128,51): error TS7031: Binding element 'onUpdate' implicitly has an 'any' type.
src/features/warehouse-management/components/ZoneManagementPanel.tsx(129,25): error TS7006: Parameter 'z' implicitly has an 'any' type.
src/hooks/picking/usePickingNotes.ts(44,16): error TS2345: Argument of type '{ user_display_name: any; content: string; created_at: string | null; id: string; picking_list_id: string; user_id: string; profiles: SelectQueryError<"could not find the relation between picking_list_notes and profiles">; }[]' is not assignable to parameter of type 'SetStateAction<PickingNote[]>'.
  Type '{ user_display_name: any; content: string; created_at: string | null; id: string; picking_list_id: string; user_id: string; profiles: SelectQueryError<"could not find the relation between picking_list_notes and profiles">; }[]' is not assignable to type 'PickingNote[]'.
    Type '{ user_display_name: any; content: string; created_at: string | null; id: string; picking_list_id: string; user_id: string; profiles: SelectQueryError<"could not find the relation between picking_list_notes and profiles">; }' is missing the following properties from type 'PickingNote': list_id, message
src/hooks/picking/usePickingNotes.ts(102,9): error TS2769: No overload matches this call.
  Overload 1 of 2, '(values: { content: string; created_at?: string | null | undefined; id?: string | undefined; picking_list_id: string; user_id: string; }, options?: { count?: "exact" | "planned" | "estimated" | undefined; } | undefined): PostgrestFilterBuilder<...>', gave the following error.
    Object literal may only specify known properties, and 'list_id' does not exist in type '{ content: string; created_at?: string | null | undefined; id?: string | undefined; picking_list_id: string; user_id: string; }'.
  Overload 2 of 2, '(values: { content: string; created_at?: string | null | undefined; id?: string | undefined; picking_list_id: string; user_id: string; }[], options?: { count?: "exact" | "planned" | "estimated" | undefined; defaultToNull?: boolean | undefined; } | undefined): PostgrestFilterBuilder<...>', gave the following error.
    Object literal may only specify known properties, and 'list_id' does not exist in type '{ content: string; created_at?: string | null | undefined; id?: string | undefined; picking_list_id: string; user_id: string; }[]'.
src/hooks/picking/usePickingSync.ts(269,25): error TS2345: Argument of type 'string | null' is not assignable to parameter of type 'string'.
  Type 'null' is not assignable to type 'string'.
src/hooks/useInventoryLogs.ts(192,14): error TS2345: Argument of type '"undo_inventory_action"' is not assignable to parameter of type 'never'.
src/hooks/useLocationManagement.ts(30,20): error TS2345: Argument of type '{ created_at: string | null; description: string | null; id: string; location: string; max_capacity: number | null; metadata: Json; status: string | null; type: string | null; updated_at: string | null; warehouse: string; zone_id: string | null; }[]' is not assignable to parameter of type 'SetStateAction<{ id: string; location: string; warehouse: "LUDLOW" | "ATS"; zone_type: string | null; max_capacity: number | null; picking_order: number | null; is_active: boolean; created_at: string; length_ft: number | null; bike_line: number | null; }[]>'.
  Type '{ created_at: string | null; description: string | null; id: string; location: string; max_capacity: number | null; metadata: Json; status: string | null; type: string | null; updated_at: string | null; warehouse: string; zone_id: string | null; }[]' is not assignable to type '{ id: string; location: string; warehouse: "LUDLOW" | "ATS"; zone_type: string | null; max_capacity: number | null; picking_order: number | null; is_active: boolean; created_at: string; length_ft: number | null; bike_line: number | null; }[]'.
    Type '{ created_at: string | null; description: string | null; id: string; location: string; max_capacity: number | null; metadata: Json; status: string | null; type: string | null; updated_at: string | null; warehouse: string; zone_id: string | null; }' is missing the following properties from type '{ id: string; location: string; warehouse: "LUDLOW" | "ATS"; zone_type: string | null; max_capacity: number | null; picking_order: number | null; is_active: boolean; created_at: string; length_ft: number | null; bike_line: number | null; }': zone_type, picking_order, is_active, length_ft, bike_line
src/hooks/useLocationManagement.ts(70,19): error TS2769: No overload matches this call.
  Overload 1 of 2, '(relation: "inventory" | "locations" | "app_users" | "inventory_logs" | "picking_list_notes" | "picking_lists" | "profiles" | "sku_metadata" | "warehouse_zones"): PostgrestQueryBuilder<{ PostgrestVersion: "14.1"; }, { ...; }, { ...; } | ... 7 more ... | { ...; }, "inventory" | ... 7 more ... | "warehouse_zones", []>', gave the following error.
    Argument of type '"optimization_reports"' is not assignable to parameter of type '"inventory" | "locations" | "app_users" | "inventory_logs" | "picking_list_notes" | "picking_lists" | "profiles" | "sku_metadata" | "warehouse_zones"'.
  Overload 2 of 2, '(relation: never): PostgrestQueryBuilder<{ PostgrestVersion: "14.1"; }, { Tables: { app_users: { Row: { age: number | null; created_at: string | null; email: string; full_name: string; id: string; role: string | null; }; Insert: { ...; }; Update: { ...; }; Relationships: []; }; ... 7 more ...; warehouse_zones: { ...; }; }; Views: {}; Functions: {}; Enums: {}; CompositeTypes: {}; }, never, never, never>', gave the following error.
    Argument of type '"optimization_reports"' is not assignable to parameter of type 'never'.
src/hooks/useLocationManagement.ts(79,28): error TS2352: Conversion of type '{ created_at: string | null; description: string | null; id: string; location: string; max_capacity: number | null; metadata: Json; status: string | null; type: string | null; updated_at: string | null; warehouse: string; zone_id: string | null; }' to type '{ id: string; location: string; warehouse: "LUDLOW" | "ATS"; zone_type: string | null; max_capacity: number | null; picking_order: number | null; is_active: boolean; created_at: string; length_ft: number | null; bike_line: number | null; }' may be a mistake because neither type sufficiently overlaps with the other. If this was intentional, convert the expression to 'unknown' first.
  Type '{ created_at: string | null; description: string | null; id: string; location: string; max_capacity: number | null; metadata: Json; status: string | null; type: string | null; updated_at: string | null; warehouse: string; zone_id: string | null; }' is missing the following properties from type '{ id: string; location: string; warehouse: "LUDLOW" | "ATS"; zone_type: string | null; max_capacity: number | null; picking_order: number | null; is_active: boolean; created_at: string; length_ft: number | null; bike_line: number | null; }': zone_type, picking_order, is_active, length_ft, bike_line
src/hooks/useLocationManagement.ts(110,24): error TS2352: Conversion of type '{ created_at: string | null; description: string | null; id: string; location: string; max_capacity: number | null; metadata: Json; status: string | null; type: string | null; updated_at: string | null; warehouse: string; zone_id: string | null; }' to type '{ id: string; location: string; warehouse: "LUDLOW" | "ATS"; zone_type: string | null; max_capacity: number | null; picking_order: number | null; is_active: boolean; created_at: string; length_ft: number | null; bike_line: number | null; }' may be a mistake because neither type sufficiently overlaps with the other. If this was intentional, convert the expression to 'unknown' first.
  Type '{ created_at: string | null; description: string | null; id: string; location: string; max_capacity: number | null; metadata: Json; status: string | null; type: string | null; updated_at: string | null; warehouse: string; zone_id: string | null; }' is missing the following properties from type '{ id: string; location: string; warehouse: "LUDLOW" | "ATS"; zone_type: string | null; max_capacity: number | null; picking_order: number | null; is_active: boolean; created_at: string; length_ft: number | null; bike_line: number | null; }': zone_type, picking_order, is_active, length_ft, bike_line
src/hooks/useLocationManagement.ts(127,21): error TS2353: Object literal may only specify known properties, and 'is_active' does not exist in type '{ created_at?: string | null | undefined; description?: string | null | undefined; id?: string | undefined; location?: string | undefined; max_capacity?: number | null | undefined; ... 5 more ...; zone_id?: string | ... 1 more ... | undefined; }'.
src/hooks/useLocationSuggestions.ts(49,17): error TS2322: Type '{ sku: any; action_type: any; quantity: any; created_at: any; }[]' is not assignable to type 'InventoryLogSimple[]'.
  Property 'quantity_change' is missing in type '{ sku: any; action_type: any; quantity: any; created_at: any; }' but required in type 'InventoryLogSimple'.
src/hooks/useOptimizationReports.ts(69,27): error TS2769: No overload matches this call.
  Overload 1 of 2, '(relation: "inventory" | "locations" | "app_users" | "inventory_logs" | "picking_list_notes" | "picking_lists" | "profiles" | "sku_metadata" | "warehouse_zones"): PostgrestQueryBuilder<{ PostgrestVersion: "14.1"; }, { ...; }, { ...; } | ... 7 more ... | { ...; }, "inventory" | ... 7 more ... | "warehouse_zones", []>', gave the following error.
    Argument of type '"optimization_reports"' is not assignable to parameter of type '"inventory" | "locations" | "app_users" | "inventory_logs" | "picking_list_notes" | "picking_lists" | "profiles" | "sku_metadata" | "warehouse_zones"'.
  Overload 2 of 2, '(relation: never): PostgrestQueryBuilder<{ PostgrestVersion: "14.1"; }, { Tables: { app_users: { Row: { age: number | null; created_at: string | null; email: string; full_name: string; id: string; role: string | null; }; Insert: { ...; }; Update: { ...; }; Relationships: []; }; ... 7 more ...; warehouse_zones: { ...; }; }; Views: {}; Functions: {}; Enums: {}; CompositeTypes: {}; }, never, never, never>', gave the following error.
    Argument of type '"optimization_reports"' is not assignable to parameter of type 'never'.
src/hooks/useOptimizationReports.ts(76,32): error TS2352: Conversion of type '({ action_type: string; created_at: string | null; from_location: string | null; from_warehouse: string | null; id: string; is_reversed: boolean | null; item_id: number | null; list_id: string | null; ... 8 more ...; user_id: string | null; } | ... 7 more ... | { ...; })[]' to type 'OptimizationReport[]' may be a mistake because neither type sufficiently overlaps with the other. If this was intentional, convert the expression to 'unknown' first.
  Type '{ action_type: string; created_at: string | null; from_location: string | null; from_warehouse: string | null; id: string; is_reversed: boolean | null; item_id: number | null; list_id: string | null; ... 8 more ...; user_id: string | null; } | ... 7 more ... | { ...; }' is not comparable to type 'OptimizationReport'.
    Type '{ age: number | null; avatar_url: string | null; email: string; full_name: string; id: string; role: string | null; }' is missing the following properties from type 'OptimizationReport': report_date, report_type, suggestions, total_suggestions
src/hooks/useOptimizationReports.ts(77,34): error TS2352: Conversion of type '{ action_type: string; created_at: string | null; from_location: string | null; from_warehouse: string | null; id: string; is_reversed: boolean | null; item_id: number | null; list_id: string | null; ... 8 more ...; user_id: string | null; } | ... 7 more ... | { ...; }' to type 'OptimizationReport' may be a mistake because neither type sufficiently overlaps with the other. If this was intentional, convert the expression to 'unknown' first.
  Type '{ age: number | null; avatar_url: string | null; email: string; full_name: string; id: string; role: string | null; }' is missing the following properties from type 'OptimizationReport': report_date, report_type, suggestions, total_suggestions
src/hooks/useOptimizationReports.ts(207,27): error TS2769: No overload matches this call.
  Overload 1 of 2, '(relation: "inventory" | "locations" | "app_users" | "inventory_logs" | "picking_list_notes" | "picking_lists" | "profiles" | "sku_metadata" | "warehouse_zones"): PostgrestQueryBuilder<{ PostgrestVersion: "14.1"; }, { ...; }, { ...; } | ... 7 more ... | { ...; }, "inventory" | ... 7 more ... | "warehouse_zones", []>', gave the following error.
    Argument of type '"optimization_reports"' is not assignable to parameter of type '"inventory" | "locations" | "app_users" | "inventory_logs" | "picking_list_notes" | "picking_lists" | "profiles" | "sku_metadata" | "warehouse_zones"'.
  Overload 2 of 2, '(relation: never): PostgrestQueryBuilder<{ PostgrestVersion: "14.1"; }, { Tables: { app_users: { Row: { age: number | null; created_at: string | null; email: string; full_name: string; id: string; role: string | null; }; Insert: { ...; }; Update: { ...; }; Relationships: []; }; ... 7 more ...; warehouse_zones: { ...; }; }; Views: {}; Functions: {}; Enums: {}; CompositeTypes: {}; }, never, never, never>', gave the following error.
    Argument of type '"optimization_reports"' is not assignable to parameter of type 'never'.
src/hooks/useOptimizationReports.ts(211,29): error TS2769: No overload matches this call.
  Overload 1 of 2, '(values: { age?: number | null | undefined; created_at?: string | null | undefined; email: string; full_name: string; id?: string | undefined; role?: string | null | undefined; } | { capacity?: number | ... 1 more ... | undefined; ... 8 more ...; warehouse?: string | ... 1 more ... | undefined; } | ... 6 more ... | { ...; }, options?: { ...; } | undefined): PostgrestFilterBuilder<...>', gave the following error.
    Object literal may only specify known properties, and 'report_date' does not exist in type '{ age?: number | null | undefined; created_at?: string | null | undefined; email: string; full_name: string; id?: string | undefined; role?: string | null | undefined; } | { capacity?: number | null | undefined; ... 8 more ...; warehouse?: string | ... 1 more ... | undefined; } | ... 6 more ... | { ...; }'.
  Overload 2 of 2, '(values: ({ age?: number | null | undefined; created_at?: string | null | undefined; email: string; full_name: string; id?: string | undefined; role?: string | null | undefined; } | { capacity?: number | ... 1 more ... | undefined; ... 8 more ...; warehouse?: string | ... 1 more ... | undefined; } | ... 6 more ... | { ...; })[], options?: { ...; } | undefined): PostgrestFilterBuilder<...>', gave the following error.
    Object literal may only specify known properties, and 'report_date' does not exist in type '({ age?: number | null | undefined; created_at?: string | null | undefined; email: string; full_name: string; id?: string | undefined; role?: string | null | undefined; } | { capacity?: number | null | undefined; ... 8 more ...; warehouse?: string | ... 1 more ... | undefined; } | ... 6 more ... | { ...; })[]'.
src/hooks/useOptimizationReports.ts(221,33): error TS2352: Conversion of type '{ action_type: string; created_at: string | null; from_location: string | null; from_warehouse: string | null; id: string; is_reversed: boolean | null; item_id: number | null; list_id: string | null; ... 8 more ...; user_id: string | null; } | ... 7 more ... | { ...; }' to type 'OptimizationReport' may be a mistake because neither type sufficiently overlaps with the other. If this was intentional, convert the expression to 'unknown' first.
  Type '{ age: number | null; avatar_url: string | null; email: string; full_name: string; id: string; role: string | null; }' is missing the following properties from type 'OptimizationReport': report_date, report_type, suggestions, total_suggestions
src/integrations/supabase/types.ts(373,14): error TS2536: Type '"Tables"' cannot be used to index type 'Database[PublicTableNameOrOptions["schema"]]'.
src/integrations/supabase/types.ts(374,9): error TS2536: Type '"Views"' cannot be used to index type 'Database[PublicTableNameOrOptions["schema"]]'.
src/integrations/supabase/types.ts(377,8): error TS2536: Type '"Tables"' cannot be used to index type 'Database[PublicTableNameOrOptions["schema"]]'.
src/integrations/supabase/types.ts(378,9): error TS2536: Type '"Views"' cannot be used to index type 'Database[PublicTableNameOrOptions["schema"]]'.
src/integrations/supabase/types.ts(394,13): error TS2536: Type '"Tables"' cannot be used to index type 'Database[PublicTableNameOrOptions["schema"]]'.
src/integrations/supabase/types.ts(397,7): error TS2536: Type '"Tables"' cannot be used to index type 'Database[PublicTableNameOrOptions["schema"]]'.
src/integrations/supabase/types.ts(413,13): error TS2536: Type '"Tables"' cannot be used to index type 'Database[PublicTableNameOrOptions["schema"]]'.
src/integrations/supabase/types.ts(416,7): error TS2536: Type '"Tables"' cannot be used to index type 'Database[PublicTableNameOrOptions["schema"]]'.
src/integrations/supabase/types.ts(432,13): error TS2536: Type '"Enums"' cannot be used to index type 'Database[PublicEnumNameOrOptions["schema"]]'.
src/integrations/supabase/types.ts(435,7): error TS2536: Type '"Enums"' cannot be used to index type 'Database[PublicEnumNameOrOptions["schema"]]'.
src/utils/locationUtils.ts(38,35): error TS2352: Conversion of type '{ created_at: string | null; description: string | null; id: string; location: string; max_capacity: number | null; metadata: Json; status: string | null; type: string | null; updated_at: string | null; warehouse: string; zone_id: string | null; }' to type '{ id: string; location: string; warehouse: "LUDLOW" | "ATS"; zone_type: string | null; max_capacity: number | null; picking_order: number | null; is_active: boolean; created_at: string; length_ft: number | null; bike_line: number | null; }' may be a mistake because neither type sufficiently overlaps with the other. If this was intentional, convert the expression to 'unknown' first.
  Type '{ created_at: string | null; description: string | null; id: string; location: string; max_capacity: number | null; metadata: Json; status: string | null; type: string | null; updated_at: string | null; warehouse: string; zone_id: string | null; }' is missing the following properties from type '{ id: string; location: string; warehouse: "LUDLOW" | "ATS"; zone_type: string | null; max_capacity: number | null; picking_order: number | null; is_active: boolean; created_at: string; length_ft: number | null; bike_line: number | null; }': zone_type, picking_order, is_active, length_ft, bike_line
